#
# There is insufficient memory for the Java Runtime Environment to continue.
# Native memory allocation (malloc) failed to allocate 1204336 bytes for Chunk::new
# Possible reasons:
#   The system is out of physical RAM or swap space
#   In 32 bit mode, the process size limit was hit
# Possible solutions:
#   Reduce memory load on the system
#   Increase physical memory or swap space
#   Check if swap backing store is full
#   Use 64 bit Java on a 64 bit OS
#   Decrease Java heap size (-Xmx/-Xms)
#   Decrease number of Java threads
#   Decrease Java thread stack sizes (-Xss)
#   Set larger code cache with -XX:ReservedCodeCacheSize=
# This output file may be truncated or incomplete.
#
#  Out of Memory Error (allocation.cpp:328), pid=9016, tid=2880
#
# JRE version: 7.0_10-b18
# Java VM: Java HotSpot(TM) 64-Bit Server VM (23.6-b04 mixed mode windows-amd64 compressed oops)
# Failed to write core dump. Minidumps are not enabled by default on client versions of Windows
#

---------------  T H R E A D  ---------------

Current thread (0x0000000008e1b000):  JavaThread "C2 CompilerThread0" daemon [_thread_in_native, id=2880, stack(0x000000000b010000,0x000000000b110000)]

Stack: [0x000000000b010000,0x000000000b110000]

Current CompileTask:
C2:  17528  581             com.android.dx.dex.cf.CfTranslator::translate0 (259 bytes)


---------------  P R O C E S S  ---------------

Java Threads: ( => current thread )
  0x000000000b6bc800 JavaThread "pool-2-thread-4" [_thread_in_vm, id=7332, stack(0x000000000bc10000,0x000000000bd10000)]
  0x000000000b6bb800 JavaThread "pool-2-thread-3" [_thread_in_Java, id=8988, stack(0x000000000bb10000,0x000000000bc10000)]
  0x000000000b6b5800 JavaThread "pool-2-thread-2" [_thread_in_Java, id=7496, stack(0x000000000ba10000,0x000000000bb10000)]
  0x000000000b612000 JavaThread "pool-3-thread-1" [_thread_blocked, id=2388, stack(0x000000000b910000,0x000000000ba10000)]
  0x000000000b60d000 JavaThread "pool-2-thread-1" [_thread_in_Java, id=5408, stack(0x000000000b810000,0x000000000b910000)]
  0x0000000008e23000 JavaThread "Service Thread" daemon [_thread_blocked, id=8476, stack(0x000000000b210000,0x000000000b310000)]
  0x0000000008e1c800 JavaThread "C2 CompilerThread1" daemon [_thread_in_native, id=5000, stack(0x000000000b110000,0x000000000b210000)]
=>0x0000000008e1b000 JavaThread "C2 CompilerThread0" daemon [_thread_in_native, id=2880, stack(0x000000000b010000,0x000000000b110000)]
  0x0000000008e19800 JavaThread "Attach Listener" daemon [_thread_blocked, id=8868, stack(0x000000000af10000,0x000000000b010000)]
  0x0000000008e14800 JavaThread "Signal Dispatcher" daemon [_thread_blocked, id=2644, stack(0x000000000ae10000,0x000000000af10000)]
  0x0000000008db0000 JavaThread "Finalizer" daemon [_thread_blocked, id=7340, stack(0x000000000ad10000,0x000000000ae10000)]
  0x0000000008da8800 JavaThread "Reference Handler" daemon [_thread_blocked, id=6096, stack(0x000000000ac10000,0x000000000ad10000)]
  0x00000000023c0800 JavaThread "main" [_thread_in_Java, id=8548, stack(0x00000000022c0000,0x00000000023c0000)]

Other Threads:
  0x0000000008da3000 VMThread [stack: 0x000000000ab10000,0x000000000ac10000] [id=7576]
  0x0000000008e3f800 WatcherThread [stack: 0x000000000b310000,0x000000000b410000] [id=8836]

VM state:not at safepoint (normal execution)

VM Mutex/Monitor currently owned by a thread: None

Heap
 PSYoungGen      total 275328K, used 167968K [0x00000000eaab0000, 0x00000000ffcd0000, 0x0000000100000000)
  eden space 232320K, 53% used [0x00000000eaab0000,0x00000000f24c5a68,0x00000000f8d90000)
  from space 43008K, 99% used [0x00000000fd2d0000,0x00000000ffcc2840,0x00000000ffcd0000)
  to   space 52864K, 0% used [0x00000000f9590000,0x00000000f9590000,0x00000000fc930000)
 ParOldGen       total 131008K, used 70594K [0x00000000c0000000, 0x00000000c7ff0000, 0x00000000eaab0000)
  object space 131008K, 53% used [0x00000000c0000000,0x00000000c44f0920,0x00000000c7ff0000)
 PSPermGen       total 21248K, used 6301K [0x00000000bae00000, 0x00000000bc2c0000, 0x00000000c0000000)
  object space 21248K, 29% used [0x00000000bae00000,0x00000000bb427418,0x00000000bc2c0000)

Card table byte_map: [0x0000000005580000,0x00000000057b0000] byte_map_base: 0x0000000004fa9000

Polling page: 0x0000000000ab0000

Code Cache  [0x00000000024c0000, 0x0000000002740000, 0x00000000054c0000)
 total_blobs=804 nmethods=569 adapters=186 free_code_cache=46932Kb largest_free_block=47765312

Compilation events (10 events):
Event: 16.351 Thread 0x0000000008e1b000 nmethod 576 0x0000000002719c10 code [0x0000000002719d40, 0x0000000002719e18]
Event: 16.351 Thread 0x0000000008e1b000  577             com.android.dx.cf.code.ConcreteMethod::getAccessFlags (10 bytes)
Event: 16.352 Thread 0x0000000008e1b000 nmethod 577 0x000000000271b6d0 code [0x000000000271b820, 0x000000000271b898]
Event: 16.352 Thread 0x0000000008e1b000  578             com.android.dx.cf.code.Ropper::isSynchronized (21 bytes)
Event: 16.354 Thread 0x0000000008e1b000 nmethod 578 0x0000000002719950 code [0x0000000002719aa0, 0x0000000002719b38]
Event: 16.354 Thread 0x0000000008e1b000  579             com.android.dx.cf.code.Frame::getLocals (5 bytes)
Event: 16.355 Thread 0x0000000008e1b000 nmethod 579 0x0000000002719750 code [0x0000000002719880, 0x00000000027198d8]
Event: 16.355 Thread 0x0000000008e1b000  580             com.android.dx.rop.cst.CstFieldRef::compareTo0 (43 bytes)
Event: 16.366 Thread 0x0000000008e1b000 nmethod 580 0x0000000002718ad0 code [0x0000000002718c40, 0x00000000027190b8]
Event: 16.366 Thread 0x0000000008e1b000  581             com.android.dx.dex.cf.CfTranslator::translate0 (259 bytes)

GC Heap History (10 events):
Event: 8.220 GC heap before
{Heap before GC invocations=7 (full 0):
 PSYoungGen      total 116416K, used 113923K [0x00000000eaab0000, 0x00000000f3050000, 0x0000000100000000)
  eden space 101376K, 100% used [0x00000000eaab0000,0x00000000f0db0000,0x00000000f0db0000)
  from space 15040K, 83% used [0x00000000f1e20000,0x00000000f2a60db0,0x00000000f2cd0000)
  to   space 16832K, 0% used [0x00000000f0db0000,0x00000000f0db0000,0x00000000f1e20000)
 ParOldGen       total 68544K, used 17640K [0x00000000c0000000, 0x00000000c42f0000, 0x00000000eaab0000)
  object space 68544K, 25% used [0x00000000c0000000,0x00000000c113a290,0x00000000c42f0000)
 PSPermGen       total 21248K, used 6167K [0x00000000bae00000, 0x00000000bc2c0000, 0x00000000c0000000)
  object space 21248K, 29% used [0x00000000bae00000,0x00000000bb405f48,0x00000000bc2c0000)
Event: 8.287 GC heap after
Heap after GC invocations=7 (full 0):
 PSYoungGen      total 118208K, used 16813K [0x00000000eaab0000, 0x00000000fa110000, 0x0000000100000000)
  eden space 101376K, 0% used [0x00000000eaab0000,0x00000000eaab0000,0x00000000f0db0000)
  from space 16832K, 99% used [0x00000000f0db0000,0x00000000f1e1b5e8,0x00000000f1e20000)
  to   space 24768K, 0% used [0x00000000f88e0000,0x00000000f88e0000,0x00000000fa110000)
 ParOldGen       total 68544K, used 27085K [0x00000000c0000000, 0x00000000c42f0000, 0x00000000eaab0000)
  object space 68544K, 39% used [0x00000000c0000000,0x00000000c1a737d8,0x00000000c42f0000)
 PSPermGen       total 21248K, used 6167K [0x00000000bae00000, 0x00000000bc2c0000, 0x00000000c0000000)
  object space 21248K, 29% used [0x00000000bae00000,0x00000000bb405f48,0x00000000bc2c0000)
}
Event: 9.513 GC heap before
{Heap before GC invocations=8 (full 0):
 PSYoungGen      total 118208K, used 118189K [0x00000000eaab0000, 0x00000000fa110000, 0x0000000100000000)
  eden space 101376K, 100% used [0x00000000eaab0000,0x00000000f0db0000,0x00000000f0db0000)
  from space 16832K, 99% used [0x00000000f0db0000,0x00000000f1e1b5e8,0x00000000f1e20000)
  to   space 24768K, 0% used [0x00000000f88e0000,0x00000000f88e0000,0x00000000fa110000)
 ParOldGen       total 68544K, used 27088K [0x00000000c0000000, 0x00000000c42f0000, 0x00000000eaab0000)
  object space 68544K, 39% used [0x00000000c0000000,0x00000000c1a74178,0x00000000c42f0000)
 PSPermGen       total 21248K, used 6208K [0x00000000bae00000, 0x00000000bc2c0000, 0x00000000c0000000)
  object space 21248K, 29% used [0x00000000bae00000,0x00000000bb4102c8,0x00000000bc2c0000)
Event: 9.592 GC heap after
Heap after GC invocations=8 (full 0):
 PSYoungGen      total 221632K, used 24743K [0x00000000eaab0000, 0x00000000fac90000, 0x0000000100000000)
  eden space 196864K, 0% used [0x00000000eaab0000,0x00000000eaab0000,0x00000000f6af0000)
  from space 24768K, 99% used [0x00000000f88e0000,0x00000000fa109dc8,0x00000000fa110000)
  to   space 30656K, 0% used [0x00000000f6af0000,0x00000000f6af0000,0x00000000f88e0000)
 ParOldGen       total 68544K, used 30369K [0x00000000c0000000, 0x00000000c42f0000, 0x00000000eaab0000)
  object space 68544K, 44% used [0x00000000c0000000,0x00000000c1da8458,0x00000000c42f0000)
 PSPermGen       total 21248K, used 6208K [0x00000000bae00000, 0x00000000bc2c0000, 0x00000000c0000000)
  object space 21248K, 29% used [0x00000000bae00000,0x00000000bb4102c8,0x00000000bc2c0000)
}
Event: 12.146 GC heap before
{Heap before GC invocations=9 (full 0):
 PSYoungGen      total 221632K, used 221607K [0x00000000eaab0000, 0x00000000fac90000, 0x0000000100000000)
  eden space 196864K, 100% used [0x00000000eaab0000,0x00000000f6af0000,0x00000000f6af0000)
  from space 24768K, 99% used [0x00000000f88e0000,0x00000000fa109dc8,0x00000000fa110000)
  to   space 30656K, 0% used [0x00000000f6af0000,0x00000000f6af0000,0x00000000f88e0000)
 ParOldGen       total 68544K, used 30369K [0x00000000c0000000, 0x00000000c42f0000, 0x00000000eaab0000)
  object space 68544K, 44% used [0x00000000c0000000,0x00000000c1da8458,0x00000000c42f0000)
 PSPermGen       total 21248K, used 6273K [0x00000000bae00000, 0x00000000bc2c0000, 0x00000000c0000000)
  object space 21248K, 29% used [0x00000000bae00000,0x00000000bb4207f8,0x00000000bc2c0000)
Event: 12.267 GC heap after
Heap after GC invocations=9 (full 0):
 PSYoungGen      total 227520K, used 30649K [0x00000000eaab0000, 0x0000000100000000, 0x0000000100000000)
  eden space 196864K, 0% used [0x00000000eaab0000,0x00000000eaab0000,0x00000000f6af0000)
  from space 30656K, 99% used [0x00000000f6af0000,0x00000000f88de6d8,0x00000000f88e0000)
  to   space 46272K, 0% used [0x00000000fd2d0000,0x00000000fd2d0000,0x0000000100000000)
 ParOldGen       total 68544K, used 55923K [0x00000000c0000000, 0x00000000c42f0000, 0x00000000eaab0000)
  object space 68544K, 81% used [0x00000000c0000000,0x00000000c369cfb0,0x00000000c42f0000)
 PSPermGen       total 21248K, used 6273K [0x00000000bae00000, 0x00000000bc2c0000, 0x00000000c0000000)
  object space 21248K, 29% used [0x00000000bae00000,0x00000000bb4207f8,0x00000000bc2c0000)
}
Event: 12.267 GC heap before
{Heap before GC invocations=10 (full 1):
 PSYoungGen      total 227520K, used 30649K [0x00000000eaab0000, 0x0000000100000000, 0x0000000100000000)
  eden space 196864K, 0% used [0x00000000eaab0000,0x00000000eaab0000,0x00000000f6af0000)
  from space 30656K, 99% used [0x00000000f6af0000,0x00000000f88de6d8,0x00000000f88e0000)
  to   space 46272K, 0% used [0x00000000fd2d0000,0x00000000fd2d0000,0x0000000100000000)
 ParOldGen       total 68544K, used 55923K [0x00000000c0000000, 0x00000000c42f0000, 0x00000000eaab0000)
  object space 68544K, 81% used [0x00000000c0000000,0x00000000c369cfb0,0x00000000c42f0000)
 PSPermGen       total 21248K, used 6273K [0x00000000bae00000, 0x00000000bc2c0000, 0x00000000c0000000)
  object space 21248K, 29% used [0x00000000bae00000,0x00000000bb4207f8,0x00000000bc2c0000)
Event: 13.488 GC heap after
Heap after GC invocations=10 (full 1):
 PSYoungGen      total 227520K, used 12842K [0x00000000eaab0000, 0x0000000100000000, 0x0000000100000000)
  eden space 196864K, 0% used [0x00000000eaab0000,0x00000000eaab0000,0x00000000f6af0000)
  from space 30656K, 41% used [0x00000000f6af0000,0x00000000f777aac0,0x00000000f88e0000)
  to   space 46272K, 0% used [0x00000000fd2d0000,0x00000000fd2d0000,0x0000000100000000)
 ParOldGen       total 131008K, used 68542K [0x00000000c0000000, 0x00000000c7ff0000, 0x00000000eaab0000)
  object space 131008K, 52% used [0x00000000c0000000,0x00000000c42ef830,0x00000000c7ff0000)
 PSPermGen       total 21248K, used 6269K [0x00000000bae00000, 0x00000000bc2c0000, 0x00000000c0000000)
  object space 21248K, 29% used [0x00000000bae00000,0x00000000bb41f4c8,0x00000000bc2c0000)
}
Event: 16.029 GC heap before
{Heap before GC invocations=11 (full 1):
 PSYoungGen      total 227520K, used 209706K [0x00000000eaab0000, 0x0000000100000000, 0x0000000100000000)
  eden space 196864K, 100% used [0x00000000eaab0000,0x00000000f6af0000,0x00000000f6af0000)
  from space 30656K, 41% used [0x00000000f6af0000,0x00000000f777aac0,0x00000000f88e0000)
  to   space 46272K, 0% used [0x00000000fd2d0000,0x00000000fd2d0000,0x0000000100000000)
 ParOldGen       total 131008K, used 68542K [0x00000000c0000000, 0x00000000c7ff0000, 0x00000000eaab0000)
  object space 131008K, 52% used [0x00000000c0000000,0x00000000c42ef830,0x00000000c7ff0000)
 PSPermGen       total 21248K, used 6292K [0x00000000bae00000, 0x00000000bc2c0000, 0x00000000c0000000)
  object space 21248K, 29% used [0x00000000bae00000,0x00000000bb4252d8,0x00000000bc2c0000)
Event: 16.204 GC heap after
Heap after GC invocations=11 (full 1):
 PSYoungGen      total 275328K, used 42954K [0x00000000eaab0000, 0x00000000ffcd0000, 0x0000000100000000)
  eden space 232320K, 0% used [0x00000000eaab0000,0x00000000eaab0000,0x00000000f8d90000)
  from space 43008K, 99% used [0x00000000fd2d0000,0x00000000ffcc2840,0x00000000ffcd0000)
  to   space 52864K, 0% used [0x00000000f9590000,0x00000000f9590000,0x00000000fc930000)
 ParOldGen       total 131008K, used 70594K [0x00000000c0000000, 0x00000000c7ff0000, 0x00000000eaab0000)
  object space 131008K, 53% used [0x00000000c0000000,0x00000000c44f0920,0x00000000c7ff0000)
 PSPermGen       total 21248K, used 6292K [0x00000000bae00000, 0x00000000bc2c0000, 0x00000000c0000000)
  object space 21248K, 29% used [0x00000000bae00000,0x00000000bb4252d8,0x00000000bc2c0000)
}

Deoptimization events (10 events):
Event: 8.447 Thread 0x000000000b6bb800 Uncommon trap -58 fr.pc 0x0000000002632a3c
Event: 8.779 Thread 0x000000000b60d000 Uncommon trap -58 fr.pc 0x0000000002632a3c
Event: 11.738 Thread 0x000000000b6b5800 Uncommon trap -12 fr.pc 0x00000000026bd550
Event: 11.821 Thread 0x000000000b6bb800 Uncommon trap -83 fr.pc 0x000000000266d580
Event: 11.821 Thread 0x000000000b6bb800 Uncommon trap -83 fr.pc 0x0000000002661da4
Event: 11.918 Thread 0x000000000b60d000 Uncommon trap -83 fr.pc 0x00000000026668f8
Event: 11.918 Thread 0x000000000b60d000 Uncommon trap -83 fr.pc 0x00000000025e55cc
Event: 13.990 Thread 0x00000000023c0800 Uncommon trap -58 fr.pc 0x0000000002662f2c
Event: 14.022 Thread 0x00000000023c0800 Uncommon trap -58 fr.pc 0x0000000002662f2c
Event: 14.040 Thread 0x000000000b60d000 Uncommon trap -83 fr.pc 0x0000000002622d44

Internal exceptions (10 events):
Event: 5.089 Thread 0x00000000023c0800 Threw 0x00000000eb9bde38 at C:\jdk7u2_64p\jdk7u10\hotspot\src\share\vm\prims\jvm.cpp:1166
Event: 5.193 Thread 0x000000000b60d000 Implicit null exception at 0x00000000025ee374 to 0x00000000025f1bc5
Event: 5.917 Thread 0x00000000023c0800 Threw 0x00000000ed7cf688 at C:\jdk7u2_64p\jdk7u10\hotspot\src\share\vm\prims\jvm.cpp:1166
Event: 8.471 Thread 0x00000000023c0800 Threw 0x00000000eb158f98 at C:\jdk7u2_64p\jdk7u10\hotspot\src\share\vm\prims\jvm.cpp:1166
Event: 11.738 Thread 0x000000000b6b5800 Implicit null exception at 0x00000000026bac83 to 0x00000000026bd545
Event: 11.821 Thread 0x000000000b6bb800 Implicit null exception at 0x000000000266c2a5 to 0x000000000266d56d
Event: 11.821 Thread 0x000000000b6bb800 Implicit null exception at 0x0000000002661c10 to 0x0000000002661d91
Event: 11.918 Thread 0x000000000b60d000 Implicit null exception at 0x0000000002665491 to 0x00000000026668e5
Event: 11.918 Thread 0x000000000b60d000 Implicit null exception at 0x00000000025e5499 to 0x00000000025e55b9
Event: 17.506 Thread 0x000000000b60d000 Threw 0x00000000f1eb73b0 at C:\jdk7u2_64p\jdk7u10\hotspot\src\share\vm\prims\jvm.cpp:1166

Events (10 events):
Event: 15.993 Thread 0x0000000008e1b000 flushing nmethod 0x0000000002643d50
Event: 16.029 Executing VM operation: ParallelGCFailedAllocation
Event: 16.204 Executing VM operation: ParallelGCFailedAllocation done
Event: 16.269 Thread 0x0000000008e1b000 flushing nmethod 0x00000000025e5350
Event: 16.276 Thread 0x0000000008e1b000 flushing nmethod 0x0000000002661990
Event: 16.277 Thread 0x0000000008e1b000 flushing nmethod 0x0000000002664f10
Event: 16.277 Thread 0x0000000008e1b000 flushing nmethod 0x000000000266bd50
Event: 16.279 Thread 0x0000000008e1b000 flushing nmethod 0x00000000026b80d0
Event: 17.506 loading class 0x000000000b63df30
Event: 17.506 loading class 0x000000000b63df30 done


Dynamic libraries:
0x00007ff6c4480000 - 0x00007ff6c44b3000 	C:\Program Files\Java\jdk1.7.0_10\bin\java.exe
0x00007ff8a5eb0000 - 0x00007ff8a605d000 	C:\WINDOWS\SYSTEM32\ntdll.dll
0x00007ff8a5ba0000 - 0x00007ff8a5cde000 	C:\WINDOWS\system32\KERNEL32.DLL
0x00007ff8a3280000 - 0x00007ff8a3395000 	C:\WINDOWS\system32\KERNELBASE.dll
0x00007ff8a1ba0000 - 0x00007ff8a1c2e000 	C:\WINDOWS\system32\apphelp.dll
0x00007ff895870000 - 0x00007ff8958c3000 	C:\WINDOWS\AppPatch\AppPatch64\AcGenral.DLL
0x00007ff8a3e10000 - 0x00007ff8a3eba000 	C:\WINDOWS\system32\msvcrt.dll
0x00007ff8a34a0000 - 0x00007ff8a34ce000 	C:\WINDOWS\system32\SspiCli.dll
0x00007ff8a37d0000 - 0x00007ff8a3824000 	C:\WINDOWS\system32\SHLWAPI.dll
0x00007ff8a3630000 - 0x00007ff8a37a7000 	C:\WINDOWS\system32\USER32.dll
0x00007ff8a3ed0000 - 0x00007ff8a4064000 	C:\WINDOWS\system32\ole32.dll
0x00007ff8a4070000 - 0x00007ff8a5598000 	C:\WINDOWS\system32\SHELL32.dll
0x00007ff8a25a0000 - 0x00007ff8a25c1000 	C:\WINDOWS\SYSTEM32\USERENV.dll
0x00007ff8a5af0000 - 0x00007ff8a5b9a000 	C:\WINDOWS\system32\ADVAPI32.dll
0x00007ff895850000 - 0x00007ff89586e000 	C:\WINDOWS\SYSTEM32\MPR.dll
0x00007ff8a3830000 - 0x00007ff8a3970000 	C:\WINDOWS\system32\RPCRT4.dll
0x00007ff8a5cf0000 - 0x00007ff8a5d49000 	C:\WINDOWS\SYSTEM32\sechost.dll
0x00007ff8a3970000 - 0x00007ff8a3b81000 	C:\WINDOWS\SYSTEM32\combase.dll
0x00007ff8a3b90000 - 0x00007ff8a3cdf000 	C:\WINDOWS\system32\GDI32.dll
0x00007ff8a2fd0000 - 0x00007ff8a2fe5000 	C:\WINDOWS\SYSTEM32\profapi.dll
0x00007ff8a1550000 - 0x00007ff8a1602000 	C:\WINDOWS\SYSTEM32\SHCORE.dll
0x00007ff8a3530000 - 0x00007ff8a3566000 	C:\WINDOWS\system32\IMM32.DLL
0x00007ff8a5d50000 - 0x00007ff8a5ea2000 	C:\WINDOWS\system32\MSCTF.dll
0x00007ff8a10c0000 - 0x00007ff8a133b000 	C:\WINDOWS\WinSxS\amd64_microsoft.windows.common-controls_6595b64144ccf1df_6.0.9600.18006_none_623f33d3ecbe86e8\COMCTL32.dll
0x0000000062a90000 - 0x0000000062b61000 	C:\Program Files\Java\jdk1.7.0_10\jre\bin\msvcr100.dll
0x0000000061a40000 - 0x000000006215f000 	C:\Program Files\Java\jdk1.7.0_10\jre\bin\server\jvm.dll
0x00007ff899970000 - 0x00007ff899979000 	C:\WINDOWS\SYSTEM32\WSOCK32.dll
0x00007ff89fef0000 - 0x00007ff89ff12000 	C:\WINDOWS\SYSTEM32\WINMM.dll
0x00007ff8a57c0000 - 0x00007ff8a57c7000 	C:\WINDOWS\system32\PSAPI.DLL
0x00007ff8a5760000 - 0x00007ff8a57ba000 	C:\WINDOWS\system32\WS2_32.dll
0x00007ff89fdd0000 - 0x00007ff89fdfa000 	C:\WINDOWS\SYSTEM32\WINMMBASE.dll
0x00007ff8a5ce0000 - 0x00007ff8a5ce9000 	C:\WINDOWS\system32\NSI.dll
0x00007ff8a3450000 - 0x00007ff8a349f000 	C:\WINDOWS\SYSTEM32\cfgmgr32.dll
0x00007ff8a1e20000 - 0x00007ff8a1e48000 	C:\WINDOWS\SYSTEM32\DEVOBJ.dll
0x0000000062a80000 - 0x0000000062a8f000 	C:\Program Files\Java\jdk1.7.0_10\jre\bin\verify.dll
0x0000000062a50000 - 0x0000000062a78000 	C:\Program Files\Java\jdk1.7.0_10\jre\bin\java.dll
0x0000000062a30000 - 0x0000000062a45000 	C:\Program Files\Java\jdk1.7.0_10\jre\bin\zip.dll
0x0000000062a10000 - 0x0000000062a29000 	C:\Program Files\Java\jdk1.7.0_10\jre\bin\net.dll
0x00007ff8a2810000 - 0x00007ff8a2869000 	C:\WINDOWS\system32\mswsock.dll
0x00000000629f0000 - 0x0000000062a01000 	C:\Program Files\Java\jdk1.7.0_10\jre\bin\nio.dll

VM Arguments:
jvm_args: -Djava.awt.headless=true -Xmx1024M -Dfile.encoding=windows-1252 -Duser.country=FR -Duser.language=fr -Duser.variant 
java_command: com.android.dx.command.Main --dex --num-threads=4 --multi-dex --main-dex-list C:\Users\MEDIA CITY\Desktop\TP1\RacineCarree\app\build\intermediates\multi-dex\debug\maindexlist.txt --output C:\Users\MEDIA CITY\Desktop\TP1\RacineCarree\app\build\intermediates\transforms\dex\debug\folders\1000\1f\main C:\Users\MEDIA CITY\Desktop\TP1\RacineCarree\app\build\intermediates\transforms\jarMerging\debug\jars\1\1f\combined.jar
Launcher Type: SUN_STANDARD

Environment Variables:
JAVA_HOME=C:\Program Files\Java\jdk1.8.0_73
PATH=C:\ProgramData\Oracle\Java\javapath;D:\oracle3\product\10.2.0\db_1\bin;C:\WINDOWS\system32;C:\WINDOWS;C:\WINDOWS\System32\Wbem;C:\WINDOWS\System32\WindowsPowerShell\v1.0\;C:\Program Files\Java\jdk1.8.0_73\bin;C:\Program Files (x86)\Windows Kits\8.1\Windows Performance Toolkit\;C:\Program Files\Microsoft SQL Server\110\Tools\Binn\;D:\jboss-5.0.0.CR2;C:\Program Files (x86)\Subversion\bin;C:\Program Files (x86)\sonar\sonar-runner-dist-2.4\sonar-runner-2.4\bin;C:\Users\MEDIA CITY\Downloads\Compressed\apache-maven-3.3.3-bin\apache-maven-3.3.3/bin;C:\Program Files (x86)\Git\bin;D:\matlab\runtime\win64;D:\matlab\bin;D:\matlab\polyspace\bin;C:\MinGW; C:\MinGW\bin; C:\MinGW\msys\1.0\bin;C:\Program Files\Java\jre1.8.0_73\bin;C:\Program Files\nodejs\;C:\Program Files\MongoDB\Server\3.2\bin;C:\Users\MEDIA CITY\AppData\Local\Programs\Python\Python35;C:\Program Files (x86)\MiKTeX 2.9\miktex\bin\;C:\Program Files (x86)\Skype\Phone\;C:\Users\MEDIA CITY\AppData\Local\Programs\Python\Python35\Scripts\;C:\Users\MEDIA CITY\AppData\Local\Programs\Python\Python35\;C:\Program Files\Java\jdk1.7.0_10\bin;C:\Users\MEDIA CITY\AppData\Roaming\npm
USERNAME=MEDIA CITY
OS=Windows_NT
PROCESSOR_IDENTIFIER=Intel64 Family 6 Model 60 Stepping 3, GenuineIntel



---------------  S Y S T E M  ---------------

OS: Windows 8 , 64 bit Build 9200 

CPU:total 8 (4 cores per cpu, 2 threads per core) family 6 model 60 stepping 3, cmov, cx8, fxsr, mmx, sse, sse2, sse3, ssse3, sse4.1, sse4.2, popcnt, avx, avx2, ht, tsc, tscinvbit

Memory: 4k page, physical 6576488k(951492k free), swap 8624492k(6136k free)

vm_info: Java HotSpot(TM) 64-Bit Server VM (23.6-b04) for windows-amd64 JRE (1.7.0_10-b18), built on Nov 28 2012 05:00:40 by "java_re" with unknown MS VC++:1600

time: Mon Dec 05 22:01:59 2016
elapsed time: 17 seconds

